<?xml version="1.0" encoding="UTF-8"?>
<!-- Generated by org.testng.reporters.JUnitXMLReporter -->
<testsuite hostname="PC" ignored="0" name="Default test" tests="4" failures="0" timestamp="30 Sep 2020 18:19:19 GMT" time="2.538" errors="0">
  <testcase name="@BeforeTest initialize" time="2.349" classname="Academy.HomepageTest">
    <failure type="org.openqa.selenium.WebDriverException" message="unknown error: cannot find Chrome binary
Build info: version: &amp;apos;3.141.59&amp;apos;, revision: &amp;apos;e82be7d358&amp;apos;, time: &amp;apos;2018-11-14T08:17:03&amp;apos;
System info: host: &amp;apos;PC&amp;apos;, ip: &amp;apos;192.168.99.1&amp;apos;, os.name: &amp;apos;Windows 8.1&amp;apos;, os.arch: &amp;apos;amd64&amp;apos;, os.version: &amp;apos;6.3&amp;apos;, java.version: &amp;apos;1.8.0_131&amp;apos;
Driver info: driver.version: ChromeDriver
remote stacktrace: Backtrace:
	Ordinal0 [0x00CB0C83+1707139]
	Ordinal0 [0x00C168F1+1075441]
	Ordinal0 [0x00B8DFC9+516041]
	Ordinal0 [0x00B1C70E+50958]
	Ordinal0 [0x00B3BFD7+180183]
	Ordinal0 [0x00B3BDDD+179677]
	Ordinal0 [0x00B39D4B+171339]
	Ordinal0 [0x00B21D4A+73034]
	Ordinal0 [0x00B22DC0+77248]
	Ordinal0 [0x00B22D59+77145]
	Ordinal0 [0x00C2BB67+1162087]
	GetHandleVerifier [0x00D4A966+508998]
	GetHandleVerifier [0x00D4A6A4+508292]
	GetHandleVerifier [0x00D5F7B7+594583]
	GetHandleVerifier [0x00D4B1D6+511158]
	Ordinal0 [0x00C2402C+1130540]
	Ordinal0 [0x00C2D4CB+1168587]
	Ordinal0 [0x00C2D633+1168947]
	Ordinal0 [0x00C45B35+1268533]
	BaseThreadInitThunk [0x7768495D+14]
	RtlInitializeExceptionChain [0x77B898EE+132]
	RtlInitializeExceptionChain [0x77B898C4+90]
">
      <![CDATA[org.openqa.selenium.WebDriverException: unknown error: cannot find Chrome binary
Build info: version: '3.141.59', revision: 'e82be7d358', time: '2018-11-14T08:17:03'
System info: host: 'PC', ip: '192.168.99.1', os.name: 'Windows 8.1', os.arch: 'amd64', os.version: '6.3', java.version: '1.8.0_131'
Driver info: driver.version: ChromeDriver
remote stacktrace: Backtrace:
Ordinal0 [0x00CB0C83+1707139]
Ordinal0 [0x00C168F1+1075441]
Ordinal0 [0x00B8DFC9+516041]
Ordinal0 [0x00B1C70E+50958]
Ordinal0 [0x00B3BFD7+180183]
Ordinal0 [0x00B3BDDD+179677]
Ordinal0 [0x00B39D4B+171339]
Ordinal0 [0x00B21D4A+73034]
Ordinal0 [0x00B22DC0+77248]
Ordinal0 [0x00B22D59+77145]
Ordinal0 [0x00C2BB67+1162087]
GetHandleVerifier [0x00D4A966+508998]
GetHandleVerifier [0x00D4A6A4+508292]
GetHandleVerifier [0x00D5F7B7+594583]
GetHandleVerifier [0x00D4B1D6+511158]
Ordinal0 [0x00C2402C+1130540]
Ordinal0 [0x00C2D4CB+1168587]
Ordinal0 [0x00C2D633+1168947]
Ordinal0 [0x00C45B35+1268533]
BaseThreadInitThunk [0x7768495D+14]
RtlInitializeExceptionChain [0x77B898EE+132]
RtlInitializeExceptionChain [0x77B898C4+90]

at sun.reflect.NativeConstructorAccessorImpl.newInstance0(Native Method)
at sun.reflect.NativeConstructorAccessorImpl.newInstance(NativeConstructorAccessorImpl.java:62)
at sun.reflect.DelegatingConstructorAccessorImpl.newInstance(DelegatingConstructorAccessorImpl.java:45)
at java.lang.reflect.Constructor.newInstance(Constructor.java:423)
at org.openqa.selenium.remote.W3CHandshakeResponse.lambda$errorHandler$0(W3CHandshakeResponse.java:62)
at org.openqa.selenium.remote.HandshakeResponse.lambda$getResponseFunction$0(HandshakeResponse.java:30)
at org.openqa.selenium.remote.ProtocolHandshake.lambda$createSession$0(ProtocolHandshake.java:126)
at java.util.stream.ReferencePipeline$3$1.accept(ReferencePipeline.java:193)
at java.util.Spliterators$ArraySpliterator.tryAdvance(Spliterators.java:958)
at java.util.stream.ReferencePipeline.forEachWithCancel(ReferencePipeline.java:126)
at java.util.stream.AbstractPipeline.copyIntoWithCancel(AbstractPipeline.java:498)
at java.util.stream.AbstractPipeline.copyInto(AbstractPipeline.java:485)
at java.util.stream.AbstractPipeline.wrapAndCopyInto(AbstractPipeline.java:471)
at java.util.stream.FindOps$FindOp.evaluateSequential(FindOps.java:152)
at java.util.stream.AbstractPipeline.evaluate(AbstractPipeline.java:234)
at java.util.stream.ReferencePipeline.findFirst(ReferencePipeline.java:464)
at org.openqa.selenium.remote.ProtocolHandshake.createSession(ProtocolHandshake.java:128)
at org.openqa.selenium.remote.ProtocolHandshake.createSession(ProtocolHandshake.java:74)
at org.openqa.selenium.remote.HttpCommandExecutor.execute(HttpCommandExecutor.java:136)
at org.openqa.selenium.remote.service.DriverCommandExecutor.execute(DriverCommandExecutor.java:83)
at org.openqa.selenium.remote.RemoteWebDriver.execute(RemoteWebDriver.java:552)
at org.openqa.selenium.remote.RemoteWebDriver.startSession(RemoteWebDriver.java:213)
at org.openqa.selenium.remote.RemoteWebDriver.<init>(RemoteWebDriver.java:131)
at org.openqa.selenium.chrome.ChromeDriver.<init>(ChromeDriver.java:181)
at org.openqa.selenium.chrome.ChromeDriver.<init>(ChromeDriver.java:168)
at org.openqa.selenium.chrome.ChromeDriver.<init>(ChromeDriver.java:123)
at resources.base.initializedriver(base.java:31)
at Academy.HomepageTest.initialize(HomepageTest.java:28)
at sun.reflect.NativeMethodAccessorImpl.invoke0(Native Method)
at sun.reflect.NativeMethodAccessorImpl.invoke(NativeMethodAccessorImpl.java:62)
at sun.reflect.DelegatingMethodAccessorImpl.invoke(DelegatingMethodAccessorImpl.java:43)
at java.lang.reflect.Method.invoke(Method.java:498)
at org.testng.internal.MethodInvocationHelper.invokeMethod(MethodInvocationHelper.java:124)
at org.testng.internal.MethodInvocationHelper.invokeMethodConsideringTimeout(MethodInvocationHelper.java:59)
at org.testng.internal.Invoker.invokeConfigurationMethod(Invoker.java:458)
at org.testng.internal.Invoker.invokeConfigurations(Invoker.java:222)
at org.testng.internal.Invoker.invokeConfigurations(Invoker.java:142)
at org.testng.TestRunner.beforeRun(TestRunner.java:529)
at org.testng.TestRunner.run(TestRunner.java:497)
at org.testng.SuiteRunner.runTest(SuiteRunner.java:455)
at org.testng.SuiteRunner.runSequentially(SuiteRunner.java:450)
at org.testng.SuiteRunner.privateRun(SuiteRunner.java:415)
at org.testng.SuiteRunner.run(SuiteRunner.java:364)
at org.testng.SuiteRunnerWorker.runSuite(SuiteRunnerWorker.java:52)
at org.testng.SuiteRunnerWorker.run(SuiteRunnerWorker.java:84)
at org.testng.TestNG.runSuitesSequentially(TestNG.java:1208)
at org.testng.TestNG.runSuitesLocally(TestNG.java:1137)
at org.testng.TestNG.runSuites(TestNG.java:1049)
at org.testng.TestNG.run(TestNG.java:1017)
at org.testng.remote.AbstractRemoteTestNG.run(AbstractRemoteTestNG.java:115)
at org.testng.remote.RemoteTestNG.initAndRun(RemoteTestNG.java:251)
at org.testng.remote.RemoteTestNG.main(RemoteTestNG.java:77)
]]>
    </failure>
  </testcase> <!-- @BeforeTest initialize -->
  <testcase name="@AfterTest closebrowser" time="0.0" classname="Academy.HomepageTest">
    <skipped/>
  </testcase> <!-- @AfterTest closebrowser -->
  <testcase name="LaunchHomePage" time="0.0" classname="Academy.HomepageTest">
    <skipped/>
  </testcase> <!-- LaunchHomePage -->
  <testcase name="LaunchHomePage" time="0.0" classname="Academy.HomepageTest">
    <skipped/>
  </testcase> <!-- LaunchHomePage -->
  <testcase name="ShopByBrandNokiaLink" time="0.0" classname="Academy.HomepageTest">
    <skipped/>
  </testcase> <!-- ShopByBrandNokiaLink -->
  <testcase name="ValidateSignlink" time="0.0" classname="Academy.HomepageTest">
    <skipped/>
  </testcase> <!-- ValidateSignlink -->
</testsuite> <!-- Default test -->
